                                                                      Page 1
                                                              C:\Users\dltest.230\AppData\Local\Temp\gh_0000ts81.si
Command Line: C:\ghs\comp_202114\asarm.exe -annotate_call_return -elf -b0 -ID:/Desktop/Achita/S32K342/Application_Can_main_Icu/Application_Can_main_Spi/Application_Can/source/config -ID:/Desktop/Achita/S32K342/Application_Can_main_Icu/Application_Can_main_Spi/Application_Can/output/generated/include -ID:/Desktop/Achita/S32K342/Application_Can_main_Icu/Application_Can_main_Spi/Application_Can/source/stubs -ID:/Desktop/Achita/S32K342/Application_Can_main_Icu/Application_Can_main_Spi/Application_Can/source/template -ID:/Desktop/Achita/S32K342/Application_Can_main_Icu/Application_Can_main_Spi/Application_Can/source/boards/S32K344EVB_Q172_SCOS -ID:/Desktop/Achita/S32K342/Application_Can_main_Icu/Application_Can_main_Spi/Application_Can/output/generated/templates -ID:/Desktop/Achita/S32K342/Application_Can_main_Icu/Application_Can_main_Spi/Application_Can/output/generated/instance/Crypto/include -IC:/EB/tresos/plugins/SecOC_TS_TxDxM2I8R0/include -IC:/EB/tresos/plugins/SecOC_TS_TxDxM2I8R0/src -IC:/EB/tresos/plugins/Atomics_TS_TxDxM1I0R0/include -IC:/EB/tresos/plugins/Base_TS_TxDxM5I2R0/include -IC:/EB/tresos/plugins/BswM_TS_TxDxM1I16R0/include -IC:/EB/tresos/plugins/CanIf_TS_TxDxM6I10R0/include -IC:/EB/tresos/plugins/CanNm_TS_TxDxM6I20R0/include -IC:/EB/tresos/plugins/CanNm_TS_TxDxM6I20R0/src -ID:/Desktop/Achita/S32K342/Application_Can_main_Icu/Application_Can_main_Spi/Application_Can/output/generated/src -IC:/EB/tresos/plugins/CanSM_TS_TxDxM3I7R0/include -IC:/EB/tresos/plugins/CanSM_TS_TxDxM3I7R0/src -IC:/EB/tresos/plugins/CanTp_TS_TxDxM6I8R0/include -IC:/EB/tresos/plugins/CanTp_TS_TxDxM6I8R0/src -IC:/EB/tresos/plugins/CanTrcv_TS_TxDxM1I0R0/include -IC:/EB/tresos/plugins/Com_TS_TxDxM6I3R0/include -IC:/EB/tresos/plugins/Com_TS_TxDxM6I3R0/src -IC:/EB/tresos/plugins/ComM_TS_TxDxM5I21R0/include -IC:/EB/tresos/plugins/ComM_TS_TxDxM5I21R0/src -IC:/EB/tresos/plugins/ComXf_TS_TxDxM1I0R0/include -IC:/ghs/comp_202114/ansi -IC:/EB/tresos/plugins/Compiler_TS_TxDxM1I0R0/include -IC:/EB/tresos/plugins/Compiler_TS_TxDxM1I0R0/include/CORTEXM/multi -IC:/EB/tresos/plugins/Crc_TS_TxDxM6I11R0/include -IC:/EB/tresos/plugins/CryIf_TS_TxDxM1I0R0/include -IC:/EB/tresos/plugins/Csm_TS_TxDxM3I1R0/include -IC:/EB/tresos/plugins/Dcm_TS_TxDxM5I0R0/include -IC:/EB/tresos/plugins/Dem_TS_TxDxM6I4R0/include -IC:/EB/tresos/plugins/Det_TS_TxDxM6I5R0/include -IC:/EB/tresos/plugins/E2E_TS_TxDxM2I0R0/include -IC:/EB/tresos/plugins/E2EP05_TS_TxDxM1I0R0/include -IC:/EB/tresos/plugins/E2ESM_TS_TxDxM1I1R0/include -IC:/EB/tresos/plugins/E2EXf_TS_TxDxM1I0R0/include -IC:/EB/tresos/plugins/EcuC_TS_TxDxM5I0R0/src -IC:/EB/tresos/plugins/EcuC_TS_TxDxM5I0R0/include -IC:/EB/tresos/plugins/EcuM_TS_TxDxM5I15R0/include -IC:/EB/tresos/plugins/McalExt_TS_T40DxM1I0R0/MCAL_Delivery/eclipse/plugins/Adc_TS_T40D34M20I1R0/include -IC:/EB/tresos/plugins/McalExt_TS_T40DxM1I0R0/MCAL_Delivery/eclipse/plugins/Base_TS_T40D34M20I1R0/header -IC:/EB/tresos/plugins/McalExt_TS_T40DxM1I0R0/MCAL_Delivery/eclipse/plugins/Can_TS_T40D34M20I1R0/include -IC:/EB/tresos/plugins/McalExt_TS_T40DxM1I0R0/MCAL_Delivery/eclipse/plugins/Dio_TS_T40D34M20I1R0/include -IC:/EB/tresos/plugins/McalExt_TS_T40DxM1I0R0/MCAL_Delivery/eclipse/plugins/Fee_TS_T40D34M20I1R0/include -IC:/EB/tresos/plugins/McalExt_TS_T40DxM1I0R0/MCAL_Delivery/eclipse/plugins/Fls_TS_T40D34M20I1R0/include -IC:/EB/tresos/plugins/McalExt_TS_T40DxM1I0R0/MCAL_Delivery/eclipse/plugins/Icu_TS_T40D34M20I1R0/include -IC:/EB/tresos/plugins/McalExt_TS_T40DxM1I0R0/MCAL_Delivery/eclipse/plugins/Mcl_TS_T40D34M20I1R0/include -IC:/EB/tresos/plugins/McalExt_TS_T40DxM1I0R0/MCAL_Delivery/eclipse/plugins/Mcu_TS_T40D34M20I1R0/include -IC:/EB/tresos/plugins/McalExt_TS_T40DxM1I0R0/MCAL_Delivery/eclipse/plugins/Port_TS_T40D34M20I1R0/include -IC:/EB/tresos/plugins/McalExt_TS_T40DxM1I0R0/MCAL_Delivery/eclipse/plugins/Spi_TS_T40D34M20I1R0/include -IC:/EB/tresos/plugins/McalExt_TS_T40DxM1I0R0/include -IC:/EB/tresos/plugins/MemIf_TS_TxDxM5I11R0/include -IC:/EB/tresos/plugins/Nm_TS_TxDxM5I12R0/include -IC:/EB/tresos/plugins/NvM_TS_TxDxM6I17R0/include -IC:/EB/tresos/plugins/Os_TS_T40D37M6I1R0/include -IC:/EB/tresos/plugins/PbcfgM_TS_TxDxM1I2R0/include -IC:/EB/tresos/plugins/PbcfgM_TS_TxDxM1I2R0/src -IC:/EB/tresos/plugins/PduR_TS_TxDxM5I3R0/include -IC:/EB/tresos/plugins/PduR_TS_TxDxM5I3R0/src -IC:/EB/tresos/plugins/Platforms_TS_T40DxM4I0R0/include -IC:/EB/tresos/plugins/Rte_TS_TxDxM6I8R0/include -IC:/EB/tresos/plugins/SCrc_TS_TxDxM2I0R0/include -IC:/EB/tresos/plugins/WdgIf_TS_TxDxM6I1R0/include -IC:/EB/tresos/plugins/WdgM_TS_TxDxM6I1R0/include -IC:\ghs\comp_202114\lib\thumb2 -cpu=cortexm7 -fpu=vfpv5_d16 -fpu=single -thumb_divide -source=D:/Desktop/Achita/S32K342/Application_Can_main_Icu/Application_Can_main_Spi/Application_Can/output/obj/boardAsm.s -o D:\Desktop\Achita\S32K342\Application_Can_main_Icu\Application_Can_main_Spi\Application_Can\output\obj\gh_0000ts81.o -list=D:/Desktop/Achita/S32K342/Application_Can_main_Icu/Application_Can_main_Spi/Application_Can/output/obj/boardAsm.lst C:\Users\dltest.230\AppData\Local\Temp\gh_0000ts81.si 
Original File: C:\Users\dltest.230\AppData\Local\Temp\gh_0000ts81.si
Source File: D:/Desktop/Achita/S32K342/Application_Can_main_Icu/Application_Can_main_Spi/Application_Can/output/obj/boardAsm.s
Directory: D:\Desktop\Achita\S32K342\Application_Can_main_Icu\Application_Can_main_Spi\Application_Can\util
Host OS: Windows
EASE: Copyright (C) 1983-2021 Green Hills Software.  All Rights Reserved.
Release: Compiler v2021.1.4
Build Directory: [Directory] COMP-VAL-WIN1:C:/autoval2/v2021.1-2021-04-25/win64-comp
Revision: [VCInfo] http://toolsvc/branches/release-branch-2021-1-comp/src@696881 (built by auto-compiler)
Revision Date: Mon Apr 26 12:33:25 2021

Release Date: Mon Apr 26 08:01:05 2021

                       0 #line 1 "D:/Desktop/Achita/S32K342/Application_Can_main_Icu/Application_Can_main_Spi/Application_Can/output/obj/boardAsm.s"
                       1 .macro neg rDest rSrc
                       2  rsb rDest,rSrc,#0
                       3  .endm
                       4 
                       5 .macro OS_GET_KERNEL_PTR litBase destReg sReg
                       6  ldr destReg, litBase
                       7  ldr destReg, [destReg]
                       8  .endm
                       9 
                      10 .macro OS_GENLIT_ACTIVATE_SVC
                      11 
                      12 OS_SHCSR_Addr:
                      13  .word 0xE000ED24
                      14  .endm
                      15 
                      16 .macro OS_ACTIVATE_SVC reg1 reg2
                      17  ldr reg1, OS_SHCSR_Addr
                      18  ldr reg2, [reg1]
                      19  orr reg2, reg2, #0x00000080
                      20  str reg2, [reg1]
                      21  dsb
                      22  isb
                      23  .endm
                      24 
                      25 .macro OS_SETLEVEL level oldLevel
                      26  lsl level, level, #4
                      27  mrs oldLevel, basepri
                      28  lsr oldLevel, oldLevel, #4
                      29  msr basepri, level
                      30  .endm
                      31  .section ".os_text", "ax"
                      32  .thumb2
                      33  .global boardResetStart
                      34  .global boardInvalidInterrupt
                      35  .global boardInvalidException
                      36  .global boardEnableICaches
                      37  .import boardStart
                      38  .import CORTEXMExceptionTable_C0
                      39  .import OS_kernStack0
                      40  .import OS_CORTEXM_SetupVFPCoprocessor
                      41   .align 4
                      42   .type boardInvalidInterrupt, $function
                      43  boardInvalidInterrupt:
                      44  InvalidInterruptLoop:
00000000 e7fe*        45   b InvalidInterruptLoop
                      46   .size boardInvalidInterrupt, . - boardInvalidInterrupt
                      47   .type boardInvalidException, $function
                      48  boardInvalidException:
                      49  InvalidExceptionLoop:

                                                                      Page 2
                                                              C:\Users\dltest.230\AppData\Local\Temp\gh_0000ts81.si
00000002 e7fe*        50   b InvalidExceptionLoop
                      51   .size boardInvalidException, . - boardInvalidException
                      52  
                      53  SHCSR_Value:
00000004 00070000     54   .word 0x00070000
                      55  SHCSR_Addr:
00000008 e000ed24     56   .word 0xE000ED24
                      57  VTOR_Addr:
0000000c e000ed08     58   .word 0xE000ED08
                      59  BOARD_ExceptionTableAddr:
00000010 00000000*    60   .word (CORTEXMExceptionTable_C0)
                      61  BoardSPAddr:
00000014 00000000*    62   .word (OS_kernStack0 + 3072)
                      63  BoardDCISWAddr:
00000018 e000ef60     64   .word 0xE000EF60
                      65  BoardICIALLUAddr:
0000001c e000ef50     66   .word 0xE000EF50
                      67  BoardCCRAddr:
00000020 e000ed14     68   .word 0xE000ED14
                      69   .type boardEnableICaches, $function
                      70  boardEnableICaches:
00000024 f04f0000     71   mov r0, #0
00000028 f8dfcff0*    72   ldr r12, BoardICIALLUAddr
0000002c f8cc0000     73   str r0, [r12]
00000030 f3bf8f4f     74   dsb
00000034 f3bf8f6f     75   isb
00000038 f8df1fe4*    76   ldr r1, BoardCCRAddr
0000003c 6808         77   ldr r0, [r1]
0000003e f4403000     78   orr r0, r0, #(1 << 17)
00000042 6008         79   str r0, [r1]
00000044 f3bf8f4f     80   dsb
00000048 f3bf8f6f     81   isb
0000004c 4770         82   bx lr
                      83   .size boardEnableICaches, . - boardEnableICaches
                      84  boardCatchM7:
0000004e f7ffbffe*    85   b boardCatchM7
                      86   .type boardResetStart, $function
                      87   boardResetStart:
00000052 2400         88   movs r4 ,#0
00000054 f3848810     89   msr primask ,r4
00000058 2400         90   movs r4 ,#0
0000005a f3848814     91   msr control ,r4
0000005e f05f7480     92   movs r4 ,#0x1000000
00000062 f3848803     93   msr xpsr ,r4
00000066 f8df0f9c*    94   ldr r0, SHCSR_Value
0000006a f8df5f9c*    95   ldr r5, SHCSR_Addr
0000006e 6829         96   ldr r1, [r5]
00000070 ea400101     97   orr r1, r0, r1
00000074 6029         98   str r1, [r5]
00000076 f04f5101     99   ldr r1, =0x20400000
0000007a 4a01*       100         ldr r2, =0x2040FFFF
0000007c 1a52        101         subs r2, r1
0000007e 1e52        102         subs r2, #1
00000080 2000        103         movs r0, 0
00000082 2300        104         movs r3, 0
                     105   SRAM_LOOP:
00000084 c109        106         stm r1!, {r0,r3}
00000086 3a08        107         subs r2, 8
00000088 dafc*       108         bge SRAM_LOOP
0000008a f000f800*   109   bl OS_CORTEXM_SetupVFPCoprocessor
0000008e f8dfdf84*   110   ldr sp, BoardSPAddr

                                                                      Page 3
                                                              C:\Users\dltest.230\AppData\Local\Temp\gh_0000ts81.si
00000092 f8df0f78*   111   ldr r0, VTOR_Addr
00000096 f8df1f78*   112   ldr r1, BOARD_ExceptionTableAddr
0000009a 6001        113   str r1, [r0]
0000009c f000f800*   114   bl boardStart
000000a0 f7ffbfd5*   115   b boardCatchM7
                     116   .size boardResetStart, . - boardResetStart
                     117  
                     118 .section ".boot_header","ax"
00000000 5aa55aa5    119   .long (0x5AA55AA5)
00000004 00000001    120   .long ((1) << (0)) | ((0) << (1))
00000008 00000000    121   .long 0
0000000c 00500000    122   .long (0x500000)
00000010 00000000    123   .long 0
00000014 00000000    124   .long (0)
00000018 00000000    125   .long 0
0000001c 00000000    126   .long 0
00000020 00000000    127   .long (0)
00000024 00000000    128   .long (0)
00000028 00000000    129   .long 0
