                                                                      Page 1
                                                              C:\Users\dltest.230\AppData\Local\Temp\gh_0000r2s1.si
Command Line: C:\ghs\comp_202114\asarm.exe -annotate_call_return -elf -b0 -ID:/Desktop/Achita/S32K342/Application_Can_main_Nvm/Application_Can_main_Spi/Application_Can/source/config -ID:/Desktop/Achita/S32K342/Application_Can_main_Nvm/Application_Can_main_Spi/Application_Can/output/generated/include -ID:/Desktop/Achita/S32K342/Application_Can_main_Nvm/Application_Can_main_Spi/Application_Can/source/stubs -ID:/Desktop/Achita/S32K342/Application_Can_main_Nvm/Application_Can_main_Spi/Application_Can/source/template -ID:/Desktop/Achita/S32K342/Application_Can_main_Nvm/Application_Can_main_Spi/Application_Can/source/boards/S32K344EVB_Q172_SCOS -ID:/Desktop/Achita/S32K342/Application_Can_main_Nvm/Application_Can_main_Spi/Application_Can/output/generated/templates -ID:/Desktop/Achita/S32K342/Application_Can_main_Nvm/Application_Can_main_Spi/Application_Can/output/generated/instance/Crypto/include -IC:/EB/tresos/plugins/SecOC_TS_TxDxM2I8R0/include -IC:/EB/tresos/plugins/SecOC_TS_TxDxM2I8R0/src -IC:/EB/tresos/plugins/Atomics_TS_TxDxM1I0R0/include -IC:/EB/tresos/plugins/Base_TS_TxDxM5I2R0/include -IC:/EB/tresos/plugins/BswM_TS_TxDxM1I16R0/include -IC:/EB/tresos/plugins/CanIf_TS_TxDxM6I10R0/include -IC:/EB/tresos/plugins/CanNm_TS_TxDxM6I20R0/include -IC:/EB/tresos/plugins/CanNm_TS_TxDxM6I20R0/src -ID:/Desktop/Achita/S32K342/Application_Can_main_Nvm/Application_Can_main_Spi/Application_Can/output/generated/src -IC:/EB/tresos/plugins/CanSM_TS_TxDxM3I7R0/include -IC:/EB/tresos/plugins/CanSM_TS_TxDxM3I7R0/src -IC:/EB/tresos/plugins/CanTp_TS_TxDxM6I8R0/include -IC:/EB/tresos/plugins/CanTp_TS_TxDxM6I8R0/src -IC:/EB/tresos/plugins/CanTrcv_TS_TxDxM1I0R0/include -IC:/EB/tresos/plugins/Com_TS_TxDxM6I3R0/include -IC:/EB/tresos/plugins/Com_TS_TxDxM6I3R0/src -IC:/EB/tresos/plugins/ComM_TS_TxDxM5I21R0/include -IC:/EB/tresos/plugins/ComM_TS_TxDxM5I21R0/src -IC:/EB/tresos/plugins/ComXf_TS_TxDxM1I0R0/include -IC:/ghs/comp_202114/ansi -IC:/EB/tresos/plugins/Compiler_TS_TxDxM1I0R0/include -IC:/EB/tresos/plugins/Compiler_TS_TxDxM1I0R0/include/CORTEXM/multi -IC:/EB/tresos/plugins/Crc_TS_TxDxM6I11R0/include -IC:/EB/tresos/plugins/CryIf_TS_TxDxM1I0R0/include -IC:/EB/tresos/plugins/Csm_TS_TxDxM3I1R0/include -IC:/EB/tresos/plugins/Dcm_TS_TxDxM5I0R0/include -IC:/EB/tresos/plugins/Dem_TS_TxDxM6I4R0/include -IC:/EB/tresos/plugins/Det_TS_TxDxM6I5R0/include -IC:/EB/tresos/plugins/E2E_TS_TxDxM2I0R0/include -IC:/EB/tresos/plugins/E2EP05_TS_TxDxM1I0R0/include -IC:/EB/tresos/plugins/E2ESM_TS_TxDxM1I1R0/include -IC:/EB/tresos/plugins/E2EXf_TS_TxDxM1I0R0/include -IC:/EB/tresos/plugins/EcuC_TS_TxDxM5I0R0/src -IC:/EB/tresos/plugins/EcuC_TS_TxDxM5I0R0/include -IC:/EB/tresos/plugins/EcuM_TS_TxDxM5I15R0/include -IC:/EB/tresos/plugins/McalExt_TS_T40DxM1I0R0/MCAL_Delivery/eclipse/plugins/Adc_TS_T40D34M20I1R0/include -IC:/EB/tresos/plugins/McalExt_TS_T40DxM1I0R0/MCAL_Delivery/eclipse/plugins/Base_TS_T40D34M20I1R0/header -IC:/EB/tresos/plugins/McalExt_TS_T40DxM1I0R0/MCAL_Delivery/eclipse/plugins/Can_TS_T40D34M20I1R0/include -IC:/EB/tresos/plugins/McalExt_TS_T40DxM1I0R0/MCAL_Delivery/eclipse/plugins/Dio_TS_T40D34M20I1R0/include -IC:/EB/tresos/plugins/McalExt_TS_T40DxM1I0R0/MCAL_Delivery/eclipse/plugins/Fee_TS_T40D34M20I1R0/include -IC:/EB/tresos/plugins/McalExt_TS_T40DxM1I0R0/MCAL_Delivery/eclipse/plugins/Fls_TS_T40D34M20I1R0/include -IC:/EB/tresos/plugins/McalExt_TS_T40DxM1I0R0/MCAL_Delivery/eclipse/plugins/Icu_TS_T40D34M20I1R0/include -IC:/EB/tresos/plugins/McalExt_TS_T40DxM1I0R0/MCAL_Delivery/eclipse/plugins/Mcl_TS_T40D34M20I1R0/include -IC:/EB/tresos/plugins/McalExt_TS_T40DxM1I0R0/MCAL_Delivery/eclipse/plugins/Mcu_TS_T40D34M20I1R0/include -IC:/EB/tresos/plugins/McalExt_TS_T40DxM1I0R0/MCAL_Delivery/eclipse/plugins/Port_TS_T40D34M20I1R0/include -IC:/EB/tresos/plugins/McalExt_TS_T40DxM1I0R0/MCAL_Delivery/eclipse/plugins/Spi_TS_T40D34M20I1R0/include -IC:/EB/tresos/plugins/McalExt_TS_T40DxM1I0R0/include -IC:/EB/tresos/plugins/MemIf_TS_TxDxM5I11R0/include -IC:/EB/tresos/plugins/Nm_TS_TxDxM5I12R0/include -IC:/EB/tresos/plugins/NvM_TS_TxDxM6I17R0/include -IC:/EB/tresos/plugins/Os_TS_T40D37M6I1R0/include -IC:/EB/tresos/plugins/PbcfgM_TS_TxDxM1I2R0/include -IC:/EB/tresos/plugins/PbcfgM_TS_TxDxM1I2R0/src -IC:/EB/tresos/plugins/PduR_TS_TxDxM5I3R0/include -IC:/EB/tresos/plugins/PduR_TS_TxDxM5I3R0/src -IC:/EB/tresos/plugins/Platforms_TS_T40DxM4I0R0/include -IC:/EB/tresos/plugins/Rte_TS_TxDxM6I8R0/include -IC:/EB/tresos/plugins/SCrc_TS_TxDxM2I0R0/include -IC:/EB/tresos/plugins/WdgIf_TS_TxDxM6I1R0/include -IC:/EB/tresos/plugins/WdgM_TS_TxDxM6I1R0/include -IC:\ghs\comp_202114\lib\thumb2 -cpu=cortexm7 -fpu=vfpv5_d16 -fpu=single -thumb_divide -source=D:/Desktop/Achita/S32K342/Application_Can_main_Nvm/Application_Can_main_Spi/Application_Can/output/obj/CORTEXM-exceptiontable_C0.s -o D:\Desktop\Achita\S32K342\Application_Can_main_Nvm\Application_Can_main_Spi\Application_Can\output\obj\gh_0000r2s1.o -list=D:/Desktop/Achita/S32K342/Application_Can_main_Nvm/Application_Can_main_Spi/Application_Can/output/obj/CORTEXM-exceptiontable_C0.lst C:\Users\dltest.230\AppData\Local\Temp\gh_0000r2s1.si 
Original File: C:\Users\dltest.230\AppData\Local\Temp\gh_0000r2s1.si
Source File: D:/Desktop/Achita/S32K342/Application_Can_main_Nvm/Application_Can_main_Spi/Application_Can/output/obj/CORTEXM-exceptiontable_C0.s
Directory: D:\Desktop\Achita\S32K342\Application_Can_main_Nvm\Application_Can_main_Spi\Application_Can\util
Host OS: Windows
EASE: Copyright (C) 1983-2021 Green Hills Software.  All Rights Reserved.
Release: Compiler v2021.1.4
Build Directory: [Directory] COMP-VAL-WIN1:C:/autoval2/v2021.1-2021-04-25/win64-comp
Revision: [VCInfo] http://toolsvc/branches/release-branch-2021-1-comp/src@696881 (built by auto-compiler)
Revision Date: Mon Apr 26 12:33:25 2021

Release Date: Mon Apr 26 08:01:05 2021

                       0 #line 1 "D:/Desktop/Achita/S32K342/Application_Can_main_Nvm/Application_Can_main_Spi/Application_Can/output/obj/CORTEXM-exceptiontable_C0.s"
                       1 .macro neg rDest rSrc
                       2  rsb rDest,rSrc,#0
                       3  .endm
                       4 
                       5 .macro OS_GET_KERNEL_PTR litBase destReg sReg
                       6  ldr destReg, litBase
                       7  ldr destReg, [destReg]
                       8  .endm
                       9 
                      10 .macro OS_GENLIT_ACTIVATE_SVC
                      11 
                      12 OS_SHCSR_Addr:
                      13  .word 0xE000ED24
                      14  .endm
                      15 
                      16 .macro OS_ACTIVATE_SVC reg1 reg2
                      17  ldr reg1, OS_SHCSR_Addr
                      18  ldr reg2, [reg1]
                      19  orr reg2, reg2, #0x00000080
                      20  str reg2, [reg1]
                      21  dsb
                      22  isb
                      23  .endm
                      24 
                      25 .macro OS_SETLEVEL level oldLevel
                      26  lsl level, level, #4
                      27  mrs oldLevel, basepri
                      28  lsr oldLevel, oldLevel, #4
                      29  msr basepri, level
                      30  .endm
                      31  .global CORTEXMExceptionTable_C0
                      32  .import boardResetStart
                      33  .import OS_kernStack0
                      34  .import OS_SystemCall
                      35  .import OS_ExceptionNMIHandler
                      36  .import OS_ExceptionHardFaultHandler
                      37  .import OS_ExceptionMemManageHandler
                      38  .import OS_ExceptionBusFaultHandler
                      39  .import OS_ExceptionUsageFaultHandler
                      40  .import OS_ExceptionReservedHandler_1
                      41  .import OS_ExceptionReservedHandler_2
                      42  .import OS_ExceptionReservedHandler_3
                      43  .import OS_ExceptionReservedHandler_4
                      44  .import OS_ExceptionDebugHandler
                      45  .import OS_ExceptionReservedHandler_5
                      46  .import OS_ExceptionPendSVHandler
                      47  .import OS_ExceptionSysTickHandler
                      48  .section ExceptionTable_C0, "ax"
                      49 

                                                                      Page 2
                                                              C:\Users\dltest.230\AppData\Local\Temp\gh_0000r2s1.si
                      50 CORTEXMExceptionTable_C0:
00000000 00000000*    51  .word (OS_kernStack0 + 3072)
00000004 00000000*    52  .word boardResetStart
00000008 00000000*    53  .word OS_ExceptionNMIHandler
0000000c 00000000*    54  .word OS_ExceptionHardFaultHandler
00000010 00000000*    55  .word OS_ExceptionMemManageHandler
00000014 00000000*    56  .word OS_ExceptionBusFaultHandler
00000018 00000000*    57  .word OS_ExceptionUsageFaultHandler
0000001c 00000000*    58  .word OS_ExceptionReservedHandler_1
00000020 00000000*    59  .word OS_ExceptionReservedHandler_2
00000024 00000000*    60  .word OS_ExceptionReservedHandler_3
00000028 00000000*    61  .word OS_ExceptionReservedHandler_4
0000002c 00000000*    62  .word OS_SystemCall
00000030 00000000*    63  .word OS_ExceptionDebugHandler
00000034 00000000*    64  .word OS_ExceptionReservedHandler_5
00000038 00000000*    65  .word OS_ExceptionPendSVHandler
0000003c 00000000*    66  .word OS_ExceptionSysTickHandler
                      67 
