                                                                      Page 1
                                                              C:\Users\dlrj.01\AppData\Local\Temp\gh_0000his1.si
Command Line: D:\ghs\comp_202114\asarm.exe -annotate_call_return -elf -b0 -IC:/Users/dlrj.01/Desktop/ACHITA/Resource/Applications/342/Application_Can_main_testADC/Application_Can/source/config -IC:/Users/dlrj.01/Desktop/ACHITA/Resource/Applications/342/Application_Can_main_testADC/Application_Can/output/generated/include -IC:/Users/dlrj.01/Desktop/ACHITA/Resource/Applications/342/Application_Can_main_testADC/Application_Can/source/stubs -IC:/Users/dlrj.01/Desktop/ACHITA/Resource/Applications/342/Application_Can_main_testADC/Application_Can/source/template -IC:/Users/dlrj.01/Desktop/ACHITA/Resource/Applications/342/Application_Can_main_testADC/Application_Can/source/boards/S32K344EVB_Q172_SCOS -IC:/Users/dlrj.01/Desktop/ACHITA/Resource/Applications/342/Application_Can_main_testADC/Application_Can/output/generated/templates -IC:/Users/dlrj.01/Desktop/ACHITA/Resource/Applications/342/Application_Can_main_testADC/Application_Can/output/generated/instance/Crypto/include -ID:/EB/tresos/plugins/SecOC_TS_TxDxM2I8R0/include -ID:/EB/tresos/plugins/SecOC_TS_TxDxM2I8R0/src -ID:/EB/tresos/plugins/Atomics_TS_TxDxM1I0R0/include -ID:/EB/tresos/plugins/Base_TS_TxDxM5I2R0/include -ID:/EB/tresos/plugins/BswM_TS_TxDxM1I16R0/include -ID:/EB/tresos/plugins/CanIf_TS_TxDxM6I10R0/include -ID:/EB/tresos/plugins/CanNm_TS_TxDxM6I20R0/include -ID:/EB/tresos/plugins/CanNm_TS_TxDxM6I20R0/src -IC:/Users/dlrj.01/Desktop/ACHITA/Resource/Applications/342/Application_Can_main_testADC/Application_Can/output/generated/src -ID:/EB/tresos/plugins/CanSM_TS_TxDxM3I7R0/include -ID:/EB/tresos/plugins/CanSM_TS_TxDxM3I7R0/src -ID:/EB/tresos/plugins/CanTp_TS_TxDxM6I8R0/include -ID:/EB/tresos/plugins/CanTp_TS_TxDxM6I8R0/src -ID:/EB/tresos/plugins/CanTrcv_TS_TxDxM1I0R0/include -ID:/EB/tresos/plugins/Com_TS_TxDxM6I3R0/include -ID:/EB/tresos/plugins/Com_TS_TxDxM6I3R0/src -ID:/EB/tresos/plugins/ComM_TS_TxDxM5I21R0/include -ID:/EB/tresos/plugins/ComM_TS_TxDxM5I21R0/src -ID:/EB/tresos/plugins/ComXf_TS_TxDxM1I0R0/include -ID:/ghs/comp_202114/ansi -ID:/EB/tresos/plugins/Compiler_TS_TxDxM1I0R0/include -ID:/EB/tresos/plugins/Compiler_TS_TxDxM1I0R0/include/CORTEXM/multi -ID:/EB/tresos/plugins/Crc_TS_TxDxM6I11R0/include -ID:/EB/tresos/plugins/CryIf_TS_TxDxM1I0R0/include -ID:/EB/tresos/plugins/Csm_TS_TxDxM3I1R0/include -ID:/EB/tresos/plugins/Dcm_TS_TxDxM5I0R0/include -ID:/EB/tresos/plugins/Dem_TS_TxDxM6I4R0/include -ID:/EB/tresos/plugins/Det_TS_TxDxM6I5R0/include -ID:/EB/tresos/plugins/E2E_TS_TxDxM2I0R0/include -ID:/EB/tresos/plugins/E2EP05_TS_TxDxM1I0R0/include -ID:/EB/tresos/plugins/E2ESM_TS_TxDxM1I1R0/include -ID:/EB/tresos/plugins/E2EXf_TS_TxDxM1I0R0/include -ID:/EB/tresos/plugins/EcuC_TS_TxDxM5I0R0/src -ID:/EB/tresos/plugins/EcuC_TS_TxDxM5I0R0/include -ID:/EB/tresos/plugins/EcuM_TS_TxDxM5I15R0/include -ID:/EB/tresos/plugins/McalExt_TS_T40DxM1I0R0/MCAL_Delivery/eclipse/plugins/Adc_TS_T40D34M20I1R0/include -ID:/EB/tresos/plugins/McalExt_TS_T40DxM1I0R0/MCAL_Delivery/eclipse/plugins/Base_TS_T40D34M20I1R0/header -ID:/EB/tresos/plugins/McalExt_TS_T40DxM1I0R0/MCAL_Delivery/eclipse/plugins/Can_TS_T40D34M20I1R0/include -ID:/EB/tresos/plugins/McalExt_TS_T40DxM1I0R0/MCAL_Delivery/eclipse/plugins/Dio_TS_T40D34M20I1R0/include -ID:/EB/tresos/plugins/McalExt_TS_T40DxM1I0R0/MCAL_Delivery/eclipse/plugins/Fee_TS_T40D34M20I1R0/include -ID:/EB/tresos/plugins/McalExt_TS_T40DxM1I0R0/MCAL_Delivery/eclipse/plugins/Fls_TS_T40D34M20I1R0/include -ID:/EB/tresos/plugins/McalExt_TS_T40DxM1I0R0/MCAL_Delivery/eclipse/plugins/Mcu_TS_T40D34M20I1R0/include -ID:/EB/tresos/plugins/McalExt_TS_T40DxM1I0R0/MCAL_Delivery/eclipse/plugins/Port_TS_T40D34M20I1R0/include -ID:/EB/tresos/plugins/McalExt_TS_T40DxM1I0R0/include -ID:/EB/tresos/plugins/MemIf_TS_TxDxM5I11R0/include -ID:/EB/tresos/plugins/Nm_TS_TxDxM5I12R0/include -ID:/EB/tresos/plugins/NvM_TS_TxDxM6I17R0/include -ID:/EB/tresos/plugins/Os_TS_T40D37M6I1R0/include -ID:/EB/tresos/plugins/PbcfgM_TS_TxDxM1I2R0/include -ID:/EB/tresos/plugins/PbcfgM_TS_TxDxM1I2R0/src -ID:/EB/tresos/plugins/PduR_TS_TxDxM5I3R0/include -ID:/EB/tresos/plugins/PduR_TS_TxDxM5I3R0/src -ID:/EB/tresos/plugins/Platforms_TS_T40DxM4I0R0/include -ID:/EB/tresos/plugins/Rte_TS_TxDxM6I8R0/include -ID:/EB/tresos/plugins/SCrc_TS_TxDxM2I0R0/include -ID:/EB/tresos/plugins/WdgIf_TS_TxDxM6I1R0/include -ID:/EB/tresos/plugins/WdgM_TS_TxDxM6I1R0/include -ID:\ghs\comp_202114\lib\thumb2 -cpu=cortexm7 -fpu=vfpv5_d16 -fpu=single -thumb_divide -source=C:/Users/dlrj.01/Desktop/ACHITA/Resource/Applications/342/Application_Can_main_testADC/Application_Can/output/obj/CORTEXM-user-controlidle.s -o C:\Users\dlrj.01\Desktop\ACHITA\Resource\Applications\342\Application_Can_main_testADC\Application_Can\output\obj\gh_0000his1.o -list=C:/Users/dlrj.01/Desktop/ACHITA/Resource/Applications/342/Application_Can_main_testADC/Application_Can/output/obj/CORTEXM-user-controlidle.lst C:\Users\dlrj.01\AppData\Local\Temp\gh_0000his1.si 
Original File: C:\Users\dlrj.01\AppData\Local\Temp\gh_0000his1.si
Source File: C:/Users/dlrj.01/Desktop/ACHITA/Resource/Applications/342/Application_Can_main_testADC/Application_Can/output/obj/CORTEXM-user-controlidle.s
Directory: C:\Users\dlrj.01\Desktop\ACHITA\Resource\Applications\342\Application_Can_main_testADC\Application_Can\util
Host OS: Windows
EASE: Copyright (C) 1983-2021 Green Hills Software.  All Rights Reserved.
Release: Compiler v2021.1.4
Build Directory: [Directory] COMP-VAL-WIN1:C:/autoval2/v2021.1-2021-04-25/win64-comp
Revision: [VCInfo] http://toolsvc/branches/release-branch-2021-1-comp/src@696881 (built by auto-compiler)
Revision Date: Mon Apr 26 12:33:25 2021

Release Date: Mon Apr 26 08:01:05 2021

                       0 #line 1 "C:/Users/dlrj.01/Desktop/ACHITA/Resource/Applications/342/Application_Can_main_testADC/Application_Can/output/obj/CORTEXM-user-controlidle.s"
                       1 .macro neg rDest rSrc
                       2  rsb rDest,rSrc,#0
                       3  .endm
                       4 
                       5 .macro OS_GET_KERNEL_PTR litBase destReg sReg
                       6  ldr destReg, litBase
                       7  ldr destReg, [destReg]
                       8  .endm
                       9 
                      10 .macro OS_GENLIT_ACTIVATE_SVC
                      11 
                      12 OS_SHCSR_Addr:
                      13  .word 0xE000ED24
                      14  .endm
                      15 
                      16 .macro OS_ACTIVATE_SVC reg1 reg2
                      17  ldr reg1, OS_SHCSR_Addr
                      18  ldr reg2, [reg1]
                      19  orr reg2, reg2, #0x00000080
                      20  str reg2, [reg1]
                      21  dsb
                      22  isb
                      23  .endm
                      24 
                      25 .macro OS_SETLEVEL level oldLevel
                      26  lsl level, level, #4
                      27  mrs oldLevel, basepri
                      28  lsr oldLevel, oldLevel, #4
                      29  msr basepri, level
                      30  .endm
                      31  .section ".os_text", "ax"
                      32  .thumb2
                      33  .global OS_UserControlIdle
                      34  .align 4
                      35  .type OS_UserControlIdle, $function
                      36 OS_UserControlIdle:
00000000 f04f0c2c     37  mov r12, #(44)
00000004 df00         38  svc #0
00000006 4770         39  bx lr
                      40  .size OS_UserControlIdle, . - OS_UserControlIdle
                      41 
